<?xml version="1.0" encoding="UTF-8"?>
<!-- Generated by org.testng.reporters.JUnitReportReporter -->
<testsuite hostname="Munnu" failures="0" tests="1" name="PKG001.MyTestNGClass002" time="0.013" errors="0" timestamp="2024-02-01T09:53:07 EST" skipped="0">
  <testcase classname="PKG001.MyTestNGClass002" name="DemoBTC01B" time="0.013"/>
</testsuite> <!-- PKG001.MyTestNGClass002 -->
