<?xml version="1.0" encoding="UTF-8"?>
<!-- Generated by org.testng.reporters.JUnitReportReporter -->
<testsuite hostname="Munnu" failures="0" tests="2" name="PKG001.MyTestNGClass001" time="0.013" errors="0" timestamp="2024-02-13T15:54:01 EST" skipped="0">
  <testcase classname="PKG001.MyTestNGClass001" name="DemoTC1" time="0.011"/>
  <testcase classname="PKG001.MyTestNGClass001" name="DemoTC2" time="0.002"/>
</testsuite> <!-- PKG001.MyTestNGClass001 -->
